[2026-05-13 17:31:52] [INFO    ] ============================================================
[2026-05-13 17:31:52] [INFO    ]   JOBALATICA ETL PIPELINE — STARTING
[2026-05-13 17:31:52] [INFO    ] ============================================================
[2026-05-13 17:31:52] [INFO    ] [STEP 1] Reading existing database data …
[2026-05-13 17:31:52] [INFO    ] Existing jobs in DB: 2,000
[2026-05-13 17:31:52] [INFO    ] Existing skills in DB: 68
[2026-05-13 17:31:52] [INFO    ] Existing JobSkills in DB: 11,921
[2026-05-13 17:31:52] [INFO    ] [STEP 2] Loading raw JSON files …
[2026-05-13 17:31:52] [INFO    ] Found 5 JSON file(s) in raw/
[2026-05-13 17:31:52] [DEBUG   ]   Loaded 20 rows from jobs_20260502_091504.json
[2026-05-13 17:31:52] [DEBUG   ]   Loaded 300 rows from jobs_20260510_152341.json
[2026-05-13 17:31:52] [DEBUG   ]   Loaded 5,310 rows from jobs_20260510_155150.json
[2026-05-13 17:31:52] [DEBUG   ]   Loaded 535 rows from jobs_20260510_161609.json
[2026-05-13 17:31:52] [DEBUG   ]   Loaded 30 rows from jobs_20260510_171331.json
[2026-05-13 17:31:52] [INFO    ] Total raw rows loaded: 6,195
[2026-05-13 17:31:52] [INFO    ] [STEP 3] Standardizing column names …
[2026-05-13 17:31:52] [DEBUG   ] Column rename applied: {'title': 'Title', 'company': 'Company', 'location': 'Location', 'salary': 'salary_raw', 'experience': 'experience_raw', 'job_url': 'SourceUrl', 'source': 'SourceSite', 'date_posted': 'PostedAt', 'post_date': 'PostedAt', 'job_id': 'job_id_raw', 'description': 'description_raw', 'industry': 'industry_raw'}
[2026-05-13 17:31:52] [INFO    ] [STEP 4] Cleaning text fields …
[2026-05-13 17:31:52] [INFO    ] [STEP 5] Normalizing experience levels …
[2026-05-13 17:31:52] [INFO    ] [STEP 4b] Extracting country from location …
[2026-05-13 17:31:52] [INFO    ] [STEP 4c] Filling missing SourceUrl …
[2026-05-13 17:31:52] [INFO    ] [STEP 6] Cleaning salary fields …
[2026-05-13 17:31:52] [INFO    ] [STEP 7] Normalizing currencies …
[2026-05-13 17:31:52] [INFO    ] [STEP 8–9] Cleaning dates and setting IsActive …
[2026-05-13 17:31:52] [INFO    ] [STEP 10] Removing invalid rows …
[2026-05-13 17:32:39] [INFO    ] ============================================================
[2026-05-13 17:32:39] [INFO    ]   JOBALATICA ETL PIPELINE — STARTING
[2026-05-13 17:32:39] [INFO    ] ============================================================
[2026-05-13 17:32:39] [INFO    ] [STEP 1] Reading existing database data …
[2026-05-13 17:32:39] [INFO    ] Existing jobs in DB: 2,000
[2026-05-13 17:32:39] [INFO    ] Existing skills in DB: 68
[2026-05-13 17:32:39] [INFO    ] Existing JobSkills in DB: 11,921
[2026-05-13 17:32:39] [INFO    ] [STEP 2] Loading raw JSON files …
[2026-05-13 17:32:39] [INFO    ] Found 5 JSON file(s) in raw/
[2026-05-13 17:32:39] [DEBUG   ]   Loaded 20 rows from jobs_20260502_091504.json
[2026-05-13 17:32:39] [DEBUG   ]   Loaded 300 rows from jobs_20260510_152341.json
[2026-05-13 17:32:39] [DEBUG   ]   Loaded 5,310 rows from jobs_20260510_155150.json
[2026-05-13 17:32:39] [DEBUG   ]   Loaded 535 rows from jobs_20260510_161609.json
[2026-05-13 17:32:39] [DEBUG   ]   Loaded 30 rows from jobs_20260510_171331.json
[2026-05-13 17:32:39] [INFO    ] Total raw rows loaded: 6,195
[2026-05-13 17:32:39] [INFO    ] [STEP 3] Standardizing column names …
[2026-05-13 17:32:39] [DEBUG   ] Column rename applied: {'title': 'Title', 'company': 'Company', 'location': 'Location', 'salary': 'salary_raw', 'experience': 'experience_raw', 'job_url': 'SourceUrl', 'source': 'SourceSite', 'date_posted': 'PostedAt', 'post_date': 'PostedAt', 'job_id': 'job_id_raw', 'description': 'description_raw', 'industry': 'industry_raw'}
[2026-05-13 17:32:39] [INFO    ] [STEP 4] Cleaning text fields …
[2026-05-13 17:32:39] [INFO    ] [STEP 5] Normalizing experience levels …
[2026-05-13 17:32:39] [INFO    ] [STEP 4b] Extracting country from location …
[2026-05-13 17:32:39] [INFO    ] [STEP 4c] Filling missing SourceUrl …
[2026-05-13 17:32:39] [INFO    ] [STEP 6] Cleaning salary fields …
[2026-05-13 17:32:39] [INFO    ] [STEP 7] Normalizing currencies …
[2026-05-13 17:32:39] [INFO    ] [STEP 8–9] Cleaning dates and setting IsActive …
[2026-05-13 17:32:39] [INFO    ] [STEP 10] Removing invalid rows …
[2026-05-13 17:33:38] [INFO    ] ============================================================
[2026-05-13 17:33:38] [INFO    ]   JOBALATICA ETL PIPELINE — STARTING
[2026-05-13 17:33:38] [INFO    ] ============================================================
[2026-05-13 17:33:38] [INFO    ] [STEP 1] Reading existing database data …
[2026-05-13 17:33:38] [INFO    ] Existing jobs in DB: 2,000
[2026-05-13 17:33:38] [INFO    ] Existing skills in DB: 68
[2026-05-13 17:33:38] [INFO    ] Existing JobSkills in DB: 11,921
[2026-05-13 17:33:38] [INFO    ] [STEP 2] Loading raw JSON files …
[2026-05-13 17:33:38] [INFO    ] Found 5 JSON file(s) in raw/
[2026-05-13 17:33:38] [DEBUG   ]   Loaded 20 rows from jobs_20260502_091504.json
[2026-05-13 17:33:38] [DEBUG   ]   Loaded 300 rows from jobs_20260510_152341.json
[2026-05-13 17:33:38] [DEBUG   ]   Loaded 5,310 rows from jobs_20260510_155150.json
[2026-05-13 17:33:38] [DEBUG   ]   Loaded 535 rows from jobs_20260510_161609.json
[2026-05-13 17:33:38] [DEBUG   ]   Loaded 30 rows from jobs_20260510_171331.json
[2026-05-13 17:33:38] [INFO    ] Total raw rows loaded: 6,195
[2026-05-13 17:33:38] [INFO    ] [STEP 3] Standardizing column names …
[2026-05-13 17:33:38] [DEBUG   ] Column rename applied: {'title': 'Title', 'company': 'Company', 'location': 'Location', 'salary': 'salary_raw', 'experience': 'experience_raw', 'job_url': 'SourceUrl', 'source': 'SourceSite', 'date_posted': 'PostedAt', 'post_date': 'PostedAt', 'job_id': 'job_id_raw', 'description': 'description_raw', 'industry': 'industry_raw'}
[2026-05-13 17:33:38] [INFO    ] [STEP 4] Cleaning text fields …
[2026-05-13 17:33:38] [INFO    ] [STEP 5] Normalizing experience levels …
[2026-05-13 17:33:38] [INFO    ] [STEP 4b] Extracting country from location …
[2026-05-13 17:33:38] [INFO    ] [STEP 4c] Filling missing SourceUrl …
[2026-05-13 17:33:38] [INFO    ] [STEP 6] Cleaning salary fields …
[2026-05-13 17:33:38] [INFO    ] [STEP 7] Normalizing currencies …
[2026-05-13 17:33:38] [INFO    ] [STEP 8–9] Cleaning dates and setting IsActive …
[2026-05-13 17:33:39] [INFO    ] [STEP 10] Removing invalid rows …
[2026-05-13 17:33:39] [INFO    ] Valid rows  : 1,999
[2026-05-13 17:33:39] [INFO    ] Rejected rows: 4,196
[2026-05-13 17:33:39] [INFO    ] Rejected rows saved → D:\dotnet project\Jobalatica\seeddata\cleaned\rejected_jobs.csv
[2026-05-13 17:33:39] [INFO    ] [STEP 11] Deduplicating jobs …
[2026-05-13 17:33:39] [INFO    ] Duplicates removed: 41 | Remaining: 1,958
[2026-05-13 17:33:39] [INFO    ] [STEP 12] Ensuring canonical skills exist in DB …
[2026-05-13 17:33:39] [INFO    ] Inserted 22 new canonical skills into Skills table
[2026-05-13 17:33:39] [INFO    ] [STEP 16a] Preparing jobs for insertion …
[2026-05-13 17:33:39] [INFO    ] [STEP 17a] Inserting jobs into SQLite …
[2026-05-13 17:33:39] [INFO    ] Inserted 1,958 jobs into Jobs table
[2026-05-13 17:33:39] [INFO    ] [STEP 13] Generating JobSkills …
[2026-05-13 17:33:39] [INFO    ] Generated 72 new JobSkill rows
[2026-05-13 17:33:39] [INFO    ] [STEP 14] Validating foreign keys …
[2026-05-13 17:33:39] [INFO    ] FK validation passed: 72 / 72 JobSkill rows
[2026-05-13 17:33:39] [INFO    ] [STEP 17b] Inserting JobSkills into SQLite …
[2026-05-13 17:33:40] [INFO    ] Inserted 72 rows into JobSkills table
[2026-05-13 17:33:40] [INFO    ] [POST] Updating TotalJobMentions counts …
[2026-05-13 17:33:40] [INFO    ] Updated TotalJobMentions for all skills
[2026-05-13 17:33:40] [INFO    ] [STEP 15] Generating DemandSnapshots …
[2026-05-13 17:33:40] [INFO    ] Generated 1,847 DemandSnapshot rows
[2026-05-13 17:33:40] [ERROR   ] Error inserting DemandSnapshots: (sqlite3.IntegrityError) NOT NULL constraint failed: DemandSnapshots.AvgSalaryMin
[SQL: INSERT INTO "DemandSnapshots" ("JobTitle", "Location", "PostingCount", "AvgSalaryMin", "AvgSalaryMax", "SnapshotDate") VALUES (?, ?, ?, ?, ?, ?)]
[parameters: [('#Senior legal counsel', 'Alexandria,Egypt', 1, None, None, '2026-05-13'), ('(quality control) testing manager', 'Cairo, Egypt', 1, 11000.0, 14000.0, '2026-05-13'), ('.net senior developer', 'Cairo, Egypt', 1, 10000.0, 10000.0, '2026-05-13'), ('3D Exterior Architectural Visualizer', 'Alexandria,Egypt', 1, None, None, '2026-05-13'), ('A B2B Sales Manager', 'Giza,Egypt', 1, None, None, '2026-05-13'), ('AFFILIATE ONBOARDING ACTIVATION MANAGER.', 'London,United Kingdom', 1, None, None, '2026-05-13'), ('AI Technical Intern', 'Egypt', 1, None, None, '2026-05-13'), ('AP Chemistry & SABIS Online Teaching Assistant Internship', 'Dubai,United Arab Emirates', 1, None, None, '2026-05-13')  ... displaying 10 of 1847 total bound parameter sets ...  ('technical account manager - tam', 'Cairo, Egypt', 1, 10000.0, 11000.0, '2026-05-13'), ('موظف مبيعات', '6th of October, Egypt', 1, 0.0, 25000.0, '2026-05-13')]]
(Background on this error at: https://sqlalche.me/e/20/gkpj)
[2026-05-13 17:33:40] [INFO    ] [STEP 16b] Saving cleaned CSV exports …
[2026-05-13 17:33:40] [INFO    ] Saved clean_jobs.csv → D:\dotnet project\Jobalatica\seeddata\cleaned\clean_jobs.csv
[2026-05-13 17:33:40] [INFO    ] Saved clean_jobskills.csv → D:\dotnet project\Jobalatica\seeddata\cleaned\clean_jobskills.csv
[2026-05-13 17:33:40] [INFO    ] ============================================================
[2026-05-13 17:33:40] [INFO    ]   PIPELINE COMPLETE
[2026-05-13 17:33:40] [INFO    ]   Raw rows loaded                    : 6195
[2026-05-13 17:33:40] [INFO    ]   Rejected rows (validation)         : 4196
[2026-05-13 17:33:40] [INFO    ]   Duplicates removed                 : 41
[2026-05-13 17:33:40] [INFO    ]   Net new jobs                       : 1958
[2026-05-13 17:33:40] [INFO    ]   Skills in DB                       : 90
[2026-05-13 17:33:40] [INFO    ]   Jobs inserted                      : 1958
[2026-05-13 17:33:40] [INFO    ]   JobSkills FK rejected              : 0
[2026-05-13 17:33:40] [INFO    ]   JobSkills to insert                : 72
[2026-05-13 17:33:40] [INFO    ]   DemandSnapshots generated          : 1847
[2026-05-13 17:33:40] [INFO    ]   Execution time (s)                 : 1.62
[2026-05-13 17:33:40] [INFO    ]   Execution time                    : 1.62s
[2026-05-13 17:33:40] [INFO    ] ============================================================
[2026-05-13 17:34:40] [INFO    ] ============================================================
[2026-05-13 17:34:40] [INFO    ]   JOBALATICA ETL PIPELINE — STARTING
[2026-05-13 17:34:40] [INFO    ] ============================================================
[2026-05-13 17:34:40] [INFO    ] [STEP 1] Reading existing database data …
[2026-05-13 17:34:40] [INFO    ] Existing jobs in DB: 3,958
[2026-05-13 17:34:40] [INFO    ] Existing skills in DB: 90
[2026-05-13 17:34:40] [INFO    ] Existing JobSkills in DB: 11,993
[2026-05-13 17:34:40] [INFO    ] [STEP 2] Loading raw JSON files …
[2026-05-13 17:34:40] [INFO    ] Found 5 JSON file(s) in raw/
[2026-05-13 17:34:40] [DEBUG   ]   Loaded 20 rows from jobs_20260502_091504.json
[2026-05-13 17:34:40] [DEBUG   ]   Loaded 300 rows from jobs_20260510_152341.json
[2026-05-13 17:34:40] [DEBUG   ]   Loaded 5,310 rows from jobs_20260510_155150.json
[2026-05-13 17:34:40] [DEBUG   ]   Loaded 535 rows from jobs_20260510_161609.json
[2026-05-13 17:34:40] [DEBUG   ]   Loaded 30 rows from jobs_20260510_171331.json
[2026-05-13 17:34:40] [INFO    ] Total raw rows loaded: 6,195
[2026-05-13 17:34:40] [INFO    ] [STEP 3] Standardizing column names …
[2026-05-13 17:34:40] [DEBUG   ] Column rename applied: {'title': 'Title', 'company': 'Company', 'location': 'Location', 'salary': 'salary_raw', 'experience': 'experience_raw', 'job_url': 'SourceUrl', 'source': 'SourceSite', 'date_posted': 'PostedAt', 'post_date': 'PostedAt', 'job_id': 'job_id_raw', 'description': 'description_raw', 'industry': 'industry_raw'}
[2026-05-13 17:34:40] [INFO    ] [STEP 4] Cleaning text fields …
[2026-05-13 17:34:40] [INFO    ] [STEP 5] Normalizing experience levels …
[2026-05-13 17:34:40] [INFO    ] [STEP 4b] Extracting country from location …
[2026-05-13 17:34:40] [INFO    ] [STEP 4c] Filling missing SourceUrl …
[2026-05-13 17:34:40] [INFO    ] [STEP 6] Cleaning salary fields …
[2026-05-13 17:34:40] [INFO    ] [STEP 7] Normalizing currencies …
[2026-05-13 17:34:40] [INFO    ] [STEP 8–9] Cleaning dates and setting IsActive …
[2026-05-13 17:34:40] [INFO    ] [STEP 10] Removing invalid rows …
[2026-05-13 17:34:40] [INFO    ] Valid rows  : 1,999
[2026-05-13 17:34:40] [INFO    ] Rejected rows: 4,196
[2026-05-13 17:34:40] [INFO    ] Rejected rows saved → D:\dotnet project\Jobalatica\seeddata\cleaned\rejected_jobs.csv
[2026-05-13 17:34:40] [INFO    ] [STEP 11] Deduplicating jobs …
[2026-05-13 17:34:41] [INFO    ] Duplicates removed: 1,999 | Remaining: 0
[2026-05-13 17:34:41] [INFO    ] All jobs are duplicates — nothing new to insert.
[2026-05-13 17:34:41] [INFO    ] ============================================================
[2026-05-13 17:34:41] [INFO    ]   PIPELINE COMPLETE
[2026-05-13 17:34:41] [INFO    ]   Raw rows loaded                    : 6195
[2026-05-13 17:34:41] [INFO    ]   Rejected rows (validation)         : 4196
[2026-05-13 17:34:41] [INFO    ]   Duplicates removed                 : 1999
[2026-05-13 17:34:41] [INFO    ]   Net new jobs                       : 0
[2026-05-13 17:34:41] [INFO    ]   Execution time (s)                 : 0.92
[2026-05-13 17:34:41] [INFO    ]   Execution time                    : 0.92s
[2026-05-13 17:34:41] [INFO    ] ============================================================
[2026-05-13 18:17:28] [INFO    ] ============================================================
[2026-05-13 18:17:28] [INFO    ]   JOBALATICA ETL PIPELINE — STARTING
[2026-05-13 18:17:28] [INFO    ] ============================================================
[2026-05-13 18:17:28] [INFO    ] [STEP 1] Reading existing database data …
[2026-05-13 18:17:28] [INFO    ] Existing jobs in DB: 3,958
[2026-05-13 18:17:28] [INFO    ] Existing skills in DB: 90
[2026-05-13 18:17:28] [INFO    ] Existing JobSkills in DB: 11,993
[2026-05-13 18:17:28] [INFO    ] [STEP 2] Loading raw JSON files …
[2026-05-13 18:17:28] [INFO    ] Found 5 JSON file(s) in raw/
[2026-05-13 18:17:28] [DEBUG   ]   Loaded 20 rows from jobs_20260502_091504.json
[2026-05-13 18:17:28] [DEBUG   ]   Loaded 300 rows from jobs_20260510_152341.json
[2026-05-13 18:17:28] [DEBUG   ]   Loaded 5,310 rows from jobs_20260510_155150.json
[2026-05-13 18:17:28] [DEBUG   ]   Loaded 535 rows from jobs_20260510_161609.json
[2026-05-13 18:17:28] [DEBUG   ]   Loaded 30 rows from jobs_20260510_171331.json
[2026-05-13 18:17:28] [INFO    ] Total raw rows loaded: 6,195
[2026-05-13 18:17:28] [INFO    ] [STEP 3] Standardizing column names …
[2026-05-13 18:17:28] [DEBUG   ] Column rename applied: {'title': 'Title', 'company': 'Company', 'location': 'Location', 'salary': 'salary_raw', 'experience': 'experience_raw', 'job_url': 'SourceUrl', 'source': 'SourceSite', 'date_posted': 'PostedAt', 'post_date': 'PostedAt', 'job_id': 'job_id_raw', 'description': 'description_raw', 'industry': 'industry_raw'}
[2026-05-13 18:17:28] [INFO    ] [STEP 4] Cleaning text fields …
[2026-05-13 18:17:28] [INFO    ] [STEP 5] Normalizing experience levels …
[2026-05-13 18:17:28] [INFO    ] [STEP 4b] Extracting country from location …
[2026-05-13 18:17:28] [INFO    ] [STEP 4c] Filling missing SourceUrl …
[2026-05-13 18:17:28] [INFO    ] [STEP 6] Cleaning salary fields …
[2026-05-13 18:17:28] [INFO    ] [STEP 7] Normalizing currencies …
[2026-05-13 18:17:28] [INFO    ] [STEP 8–9] Cleaning dates and setting IsActive …
[2026-05-13 18:17:28] [INFO    ] [STEP 10] Removing invalid rows …
[2026-05-13 18:17:29] [INFO    ] Valid rows  : 1,999
[2026-05-13 18:17:29] [INFO    ] Rejected rows: 4,196
[2026-05-13 18:17:29] [INFO    ] Rejected rows saved → D:\dotnet project\Jobalatica\seeddata\cleaned\rejected_jobs.csv
[2026-05-13 18:17:29] [INFO    ] [STEP 11] Deduplicating jobs …
[2026-05-13 18:17:29] [INFO    ] Duplicates removed: 1,999 | Remaining: 0
[2026-05-13 18:17:29] [INFO    ] All jobs are duplicates — nothing new to insert.
[2026-05-13 18:17:29] [INFO    ] ============================================================
[2026-05-13 18:17:29] [INFO    ]   PIPELINE COMPLETE
[2026-05-13 18:17:29] [INFO    ]   Raw rows loaded                    : 6195
[2026-05-13 18:17:29] [INFO    ]   Rejected rows (validation)         : 4196
[2026-05-13 18:17:29] [INFO    ]   Duplicates removed                 : 1999
[2026-05-13 18:17:29] [INFO    ]   Net new jobs                       : 0
[2026-05-13 18:17:29] [INFO    ]   Execution time (s)                 : 0.78
[2026-05-13 18:17:29] [INFO    ]   Execution time                    : 0.78s
[2026-05-13 18:17:29] [INFO    ] ============================================================
[2026-05-13 19:11:07] [INFO    ] ============================================================
[2026-05-13 19:11:07] [INFO    ]   JOBALATICA ETL PIPELINE — STARTING
[2026-05-13 19:11:07] [INFO    ] ============================================================
[2026-05-13 19:11:07] [INFO    ] [STEP 1] Reading existing database data …
[2026-05-13 19:11:07] [INFO    ] Existing jobs in DB: 3,958
[2026-05-13 19:11:07] [INFO    ] Existing skills in DB: 90
[2026-05-13 19:11:07] [INFO    ] Existing JobSkills in DB: 11,993
[2026-05-13 19:11:07] [INFO    ] [STEP 2] Loading raw JSON files …
[2026-05-13 19:11:07] [INFO    ] Found 5 JSON file(s) in raw/
[2026-05-13 19:11:07] [DEBUG   ]   Loaded 20 rows from jobs_20260502_091504.json
[2026-05-13 19:11:07] [DEBUG   ]   Loaded 300 rows from jobs_20260510_152341.json
[2026-05-13 19:11:07] [DEBUG   ]   Loaded 5,310 rows from jobs_20260510_155150.json
[2026-05-13 19:11:07] [DEBUG   ]   Loaded 535 rows from jobs_20260510_161609.json
[2026-05-13 19:11:07] [DEBUG   ]   Loaded 30 rows from jobs_20260510_171331.json
[2026-05-13 19:11:07] [INFO    ] Total raw rows loaded: 6,195
[2026-05-13 19:11:07] [INFO    ] [STEP 3] Standardizing column names …
[2026-05-13 19:11:07] [DEBUG   ] Column rename applied: {'title': 'Title', 'company': 'Company', 'location': 'Location', 'salary': 'salary_raw', 'experience': 'experience_raw', 'job_url': 'SourceUrl', 'source': 'SourceSite', 'date_posted': 'PostedAt', 'post_date': 'PostedAt', 'job_id': 'job_id_raw', 'description': 'description_raw', 'industry': 'industry_raw'}
[2026-05-13 19:11:07] [INFO    ] [STEP 4] Cleaning text fields …
[2026-05-13 19:11:07] [INFO    ] [STEP 5] Normalizing experience levels …
[2026-05-13 19:11:08] [INFO    ] [STEP 4b] Extracting country from location …
[2026-05-13 19:11:08] [INFO    ] [STEP 4c] Filling missing SourceUrl …
[2026-05-13 19:11:08] [INFO    ] [STEP 6] Cleaning salary fields …
[2026-05-13 19:11:08] [INFO    ] [STEP 7] Normalizing currencies …
[2026-05-13 19:11:08] [INFO    ] [STEP 8–9] Cleaning dates and setting IsActive …
[2026-05-13 19:11:08] [INFO    ] [STEP 10] Removing invalid rows …
[2026-05-13 19:11:08] [INFO    ] Valid rows  : 1,999
[2026-05-13 19:11:08] [INFO    ] Rejected rows: 4,196
[2026-05-13 19:11:08] [INFO    ] Rejected rows saved → D:\dotnet project\Jobalatica\seeddata\cleaned\rejected_jobs.csv
[2026-05-13 19:11:08] [INFO    ] [STEP 11] Deduplicating jobs …
[2026-05-13 19:11:08] [INFO    ] Duplicates removed: 1,999 | Remaining: 0
[2026-05-13 19:11:08] [INFO    ] All jobs are duplicates — nothing new to insert.
[2026-05-13 19:11:08] [INFO    ] ============================================================
[2026-05-13 19:11:08] [INFO    ]   PIPELINE COMPLETE
[2026-05-13 19:11:08] [INFO    ]   Raw rows loaded                    : 6195
[2026-05-13 19:11:08] [INFO    ]   Rejected rows (validation)         : 4196
[2026-05-13 19:11:08] [INFO    ]   Duplicates removed                 : 1999
[2026-05-13 19:11:08] [INFO    ]   Net new jobs                       : 0
[2026-05-13 19:11:08] [INFO    ]   Execution time (s)                 : 0.81
[2026-05-13 19:11:08] [INFO    ]   Execution time                    : 0.81s
[2026-05-13 19:11:08] [INFO    ] ============================================================
[2026-05-13 19:48:37] [INFO    ] ============================================================
[2026-05-13 19:48:37] [INFO    ]   JOBALATICA ETL PIPELINE — STARTING
[2026-05-13 19:48:37] [INFO    ] ============================================================
[2026-05-13 19:48:37] [INFO    ] [STEP 1] Reading existing database data …
[2026-05-13 19:48:37] [INFO    ] Existing jobs in DB: 3,958
[2026-05-13 19:48:37] [INFO    ] Existing skills in DB: 90
[2026-05-13 19:48:37] [INFO    ] Existing JobSkills in DB: 11,993
[2026-05-13 19:48:37] [INFO    ] [STEP 2] Loading raw JSON files …
[2026-05-13 19:48:37] [INFO    ] Found 5 JSON file(s) in raw/
[2026-05-13 19:48:37] [DEBUG   ]   Loaded 20 rows from jobs_20260502_091504.json
[2026-05-13 19:48:37] [DEBUG   ]   Loaded 300 rows from jobs_20260510_152341.json
[2026-05-13 19:48:37] [DEBUG   ]   Loaded 5,310 rows from jobs_20260510_155150.json
[2026-05-13 19:48:37] [DEBUG   ]   Loaded 535 rows from jobs_20260510_161609.json
[2026-05-13 19:48:37] [DEBUG   ]   Loaded 30 rows from jobs_20260510_171331.json
[2026-05-13 19:48:37] [INFO    ] Total raw rows loaded: 6,195
[2026-05-13 19:48:37] [INFO    ] [STEP 3] Standardizing column names …
[2026-05-13 19:48:37] [DEBUG   ] Column rename applied: {'title': 'Title', 'company': 'Company', 'location': 'Location', 'salary': 'salary_raw', 'experience': 'experience_raw', 'job_url': 'SourceUrl', 'source': 'SourceSite', 'date_posted': 'PostedAt', 'post_date': 'PostedAt', 'job_id': 'job_id_raw', 'description': 'description_raw', 'industry': 'industry_raw'}
[2026-05-13 19:48:37] [INFO    ] [STEP 4] Cleaning text fields …
[2026-05-13 19:48:37] [INFO    ] [STEP 5] Normalizing experience levels …
[2026-05-13 19:48:37] [INFO    ] [STEP 4b] Extracting country from location …
[2026-05-13 19:48:37] [INFO    ] [STEP 4c] Filling missing SourceUrl …
[2026-05-13 19:48:37] [INFO    ] [STEP 6] Cleaning salary fields …
[2026-05-13 19:48:37] [INFO    ] [STEP 7] Normalizing currencies …
[2026-05-13 19:48:37] [INFO    ] [STEP 8–9] Cleaning dates and setting IsActive …
[2026-05-13 19:48:38] [INFO    ] [STEP 10] Removing invalid rows …
[2026-05-13 19:48:38] [INFO    ] Valid rows  : 1,999
[2026-05-13 19:48:38] [INFO    ] Rejected rows: 4,196
[2026-05-13 19:48:38] [INFO    ] Rejected rows saved → D:\dotnet project\Jobalatica\seeddata\cleaned\rejected_jobs.csv
[2026-05-13 19:48:38] [INFO    ] [STEP 11] Deduplicating jobs …
[2026-05-13 19:48:38] [INFO    ] Duplicates removed: 1,999 | Remaining: 0
[2026-05-13 19:48:38] [INFO    ] All jobs are duplicates — nothing new to insert.
[2026-05-13 19:48:38] [INFO    ] ============================================================
[2026-05-13 19:48:38] [INFO    ]   PIPELINE COMPLETE
[2026-05-13 19:48:38] [INFO    ]   Raw rows loaded                    : 6195
[2026-05-13 19:48:38] [INFO    ]   Rejected rows (validation)         : 4196
[2026-05-13 19:48:38] [INFO    ]   Duplicates removed                 : 1999
[2026-05-13 19:48:38] [INFO    ]   Net new jobs                       : 0
[2026-05-13 19:48:38] [INFO    ]   Execution time (s)                 : 0.82
[2026-05-13 19:48:38] [INFO    ]   Execution time                    : 0.82s
[2026-05-13 19:48:38] [INFO    ] ============================================================
[2026-05-13 19:50:37] [INFO    ] ============================================================
[2026-05-13 19:50:37] [INFO    ]   JOBALATICA ETL PIPELINE — STARTING
[2026-05-13 19:50:37] [INFO    ] ============================================================
[2026-05-13 19:50:37] [INFO    ] [STEP 1] Reading existing database data …
[2026-05-13 19:50:37] [INFO    ] Existing jobs in DB: 3,958
[2026-05-13 19:50:37] [INFO    ] Existing skills in DB: 90
[2026-05-13 19:50:37] [INFO    ] Existing JobSkills in DB: 11,993
[2026-05-13 19:50:37] [INFO    ] [STEP 2] Loading raw JSON files …
[2026-05-13 19:50:37] [INFO    ] Found 5 JSON file(s) in raw/
[2026-05-13 19:50:37] [DEBUG   ]   Loaded 20 rows from jobs_20260502_091504.json
[2026-05-13 19:50:37] [DEBUG   ]   Loaded 300 rows from jobs_20260510_152341.json
[2026-05-13 19:50:37] [DEBUG   ]   Loaded 5,310 rows from jobs_20260510_155150.json
[2026-05-13 19:50:37] [DEBUG   ]   Loaded 535 rows from jobs_20260510_161609.json
[2026-05-13 19:50:37] [DEBUG   ]   Loaded 30 rows from jobs_20260510_171331.json
[2026-05-13 19:50:37] [INFO    ] Total raw rows loaded: 6,195
[2026-05-13 19:50:37] [INFO    ] [STEP 3] Standardizing column names …
[2026-05-13 19:50:37] [DEBUG   ] Column rename applied: {'title': 'Title', 'company': 'Company', 'location': 'Location', 'salary': 'salary_raw', 'experience': 'experience_raw', 'job_url': 'SourceUrl', 'source': 'SourceSite', 'date_posted': 'PostedAt', 'post_date': 'PostedAt', 'job_id': 'job_id_raw', 'description': 'description_raw', 'industry': 'industry_raw'}
[2026-05-13 19:50:37] [INFO    ] [STEP 4] Cleaning text fields …
[2026-05-13 19:50:37] [INFO    ] [STEP 5] Normalizing experience levels …
[2026-05-13 19:50:38] [INFO    ] [STEP 4b] Extracting country from location …
[2026-05-13 19:50:38] [INFO    ] [STEP 4c] Filling missing SourceUrl …
[2026-05-13 19:50:38] [INFO    ] [STEP 6] Cleaning salary fields …
[2026-05-13 19:50:38] [INFO    ] [STEP 7] Normalizing currencies …
[2026-05-13 19:50:38] [INFO    ] [STEP 8–9] Cleaning dates and setting IsActive …
[2026-05-13 19:50:38] [INFO    ] [STEP 10] Removing invalid rows …
[2026-05-13 19:50:38] [INFO    ] Valid rows  : 1,999
[2026-05-13 19:50:38] [INFO    ] Rejected rows: 4,196
[2026-05-13 19:50:38] [INFO    ] Rejected rows saved → D:\dotnet project\Jobalatica\seeddata\cleaned\rejected_jobs.csv
[2026-05-13 19:50:38] [INFO    ] [STEP 11] Deduplicating jobs …
[2026-05-13 19:50:38] [INFO    ] Duplicates removed: 1,999 | Remaining: 0
[2026-05-13 19:50:38] [INFO    ] All jobs are duplicates — nothing new to insert.
[2026-05-13 19:50:38] [INFO    ] ============================================================
[2026-05-13 19:50:38] [INFO    ]   PIPELINE COMPLETE
[2026-05-13 19:50:38] [INFO    ]   Raw rows loaded                    : 6195
[2026-05-13 19:50:38] [INFO    ]   Rejected rows (validation)         : 4196
[2026-05-13 19:50:38] [INFO    ]   Duplicates removed                 : 1999
[2026-05-13 19:50:38] [INFO    ]   Net new jobs                       : 0
[2026-05-13 19:50:38] [INFO    ]   Execution time (s)                 : 0.8
[2026-05-13 19:50:38] [INFO    ]   Execution time                    : 0.8s
[2026-05-13 19:50:38] [INFO    ] ============================================================
[2026-05-13 20:40:51] [INFO    ] ============================================================
[2026-05-13 20:40:51] [INFO    ]   JOBALATICA ETL PIPELINE — STARTING
[2026-05-13 20:40:51] [INFO    ] ============================================================
[2026-05-13 20:40:51] [INFO    ] [STEP 1] Reading existing database data …
[2026-05-13 20:40:51] [INFO    ] Existing jobs in DB: 3,958
[2026-05-13 20:40:51] [INFO    ] Existing skills in DB: 90
[2026-05-13 20:40:51] [INFO    ] Existing JobSkills in DB: 11,993
[2026-05-13 20:40:51] [INFO    ] [STEP 2] Loading raw JSON files …
[2026-05-13 20:40:51] [INFO    ] Found 5 JSON file(s) in raw/
[2026-05-13 20:40:51] [DEBUG   ]   Loaded 20 rows from jobs_20260502_091504.json
[2026-05-13 20:40:51] [DEBUG   ]   Loaded 300 rows from jobs_20260510_152341.json
[2026-05-13 20:40:51] [DEBUG   ]   Loaded 5,310 rows from jobs_20260510_155150.json
[2026-05-13 20:40:51] [DEBUG   ]   Loaded 535 rows from jobs_20260510_161609.json
[2026-05-13 20:40:51] [DEBUG   ]   Loaded 30 rows from jobs_20260510_171331.json
[2026-05-13 20:40:51] [INFO    ] Total raw rows loaded: 6,195
[2026-05-13 20:40:51] [INFO    ] [STEP 3] Standardizing column names …
[2026-05-13 20:40:51] [DEBUG   ] Column rename applied: {'title': 'Title', 'company': 'Company', 'location': 'Location', 'salary': 'salary_raw', 'experience': 'experience_raw', 'job_url': 'SourceUrl', 'source': 'SourceSite', 'date_posted': 'PostedAt', 'post_date': 'PostedAt', 'job_id': 'job_id_raw', 'description': 'description_raw', 'industry': 'industry_raw'}
[2026-05-13 20:40:51] [INFO    ] [STEP 4] Cleaning text fields …
[2026-05-13 20:40:51] [INFO    ] [STEP 5] Normalizing experience levels …
[2026-05-13 20:40:51] [INFO    ] [STEP 4b] Extracting country from location …
[2026-05-13 20:40:51] [INFO    ] [STEP 4c] Filling missing SourceUrl …
[2026-05-13 20:40:51] [INFO    ] [STEP 6] Cleaning salary fields …
[2026-05-13 20:40:51] [INFO    ] [STEP 7] Normalizing currencies …
[2026-05-13 20:40:51] [INFO    ] [STEP 8–9] Cleaning dates and setting IsActive …
[2026-05-13 20:40:51] [INFO    ] [STEP 10] Removing invalid rows …
[2026-05-13 20:40:52] [INFO    ] Valid rows  : 1,999
[2026-05-13 20:40:52] [INFO    ] Rejected rows: 4,196
[2026-05-13 20:40:52] [INFO    ] Rejected rows saved → D:\dotnet project\Jobalatica\seeddata\cleaned\rejected_jobs.csv
[2026-05-13 20:40:52] [INFO    ] [STEP 11] Deduplicating jobs …
[2026-05-13 20:40:52] [INFO    ] Duplicates removed: 1,999 | Remaining: 0
[2026-05-13 20:40:52] [INFO    ] All jobs are duplicates — nothing new to insert.
[2026-05-13 20:40:52] [INFO    ] ============================================================
[2026-05-13 20:40:52] [INFO    ]   PIPELINE COMPLETE
[2026-05-13 20:40:52] [INFO    ]   Raw rows loaded                    : 6195
[2026-05-13 20:40:52] [INFO    ]   Rejected rows (validation)         : 4196
[2026-05-13 20:40:52] [INFO    ]   Duplicates removed                 : 1999
[2026-05-13 20:40:52] [INFO    ]   Net new jobs                       : 0
[2026-05-13 20:40:52] [INFO    ]   Execution time (s)                 : 0.77
[2026-05-13 20:40:52] [INFO    ]   Execution time                    : 0.77s
[2026-05-13 20:40:52] [INFO    ] ============================================================
[2026-05-13 20:52:45] [INFO    ] ============================================================
[2026-05-13 20:52:45] [INFO    ]   JOBALATICA ETL PIPELINE — STARTING
[2026-05-13 20:52:45] [INFO    ] ============================================================
[2026-05-13 20:52:45] [INFO    ] [STEP 1] Reading existing database data …
[2026-05-13 20:52:45] [INFO    ] Existing jobs in DB: 3,958
[2026-05-13 20:52:45] [INFO    ] Existing skills in DB: 90
[2026-05-13 20:52:45] [INFO    ] Existing JobSkills in DB: 11,993
[2026-05-13 20:52:45] [INFO    ] [STEP 2] Loading raw JSON files …
[2026-05-13 20:52:45] [INFO    ] Found 5 JSON file(s) in raw/
[2026-05-13 20:52:45] [DEBUG   ]   Loaded 20 rows from jobs_20260502_091504.json
[2026-05-13 20:52:45] [DEBUG   ]   Loaded 300 rows from jobs_20260510_152341.json
[2026-05-13 20:52:45] [DEBUG   ]   Loaded 5,310 rows from jobs_20260510_155150.json
[2026-05-13 20:52:45] [DEBUG   ]   Loaded 535 rows from jobs_20260510_161609.json
[2026-05-13 20:52:45] [DEBUG   ]   Loaded 30 rows from jobs_20260510_171331.json
[2026-05-13 20:52:45] [INFO    ] Total raw rows loaded: 6,195
[2026-05-13 20:52:45] [INFO    ] [STEP 3] Standardizing column names …
[2026-05-13 20:52:45] [DEBUG   ] Column rename applied: {'title': 'Title', 'company': 'Company', 'location': 'Location', 'salary': 'salary_raw', 'experience': 'experience_raw', 'job_url': 'SourceUrl', 'source': 'SourceSite', 'date_posted': 'PostedAt', 'post_date': 'PostedAt', 'job_id': 'job_id_raw', 'description': 'description_raw', 'industry': 'industry_raw'}
[2026-05-13 20:52:45] [INFO    ] [STEP 4] Cleaning text fields …
[2026-05-13 20:52:45] [INFO    ] [STEP 5] Normalizing experience levels …
[2026-05-13 20:52:45] [INFO    ] [STEP 4b] Extracting country from location …
[2026-05-13 20:52:45] [INFO    ] [STEP 4c] Filling missing SourceUrl …
[2026-05-13 20:52:45] [INFO    ] [STEP 6] Cleaning salary fields …
[2026-05-13 20:52:45] [INFO    ] [STEP 7] Normalizing currencies …
[2026-05-13 20:52:45] [INFO    ] [STEP 8–9] Cleaning dates and setting IsActive …
[2026-05-13 20:52:45] [INFO    ] [STEP 10] Removing invalid rows …
[2026-05-13 20:52:46] [INFO    ] Valid rows  : 1,999
[2026-05-13 20:52:46] [INFO    ] Rejected rows: 4,196
[2026-05-13 20:52:46] [INFO    ] Rejected rows saved → d:\dotnet project\Jobalatica\seeddata\cleaned\rejected_jobs.csv
[2026-05-13 20:52:46] [INFO    ] [STEP 11] Deduplicating jobs …
[2026-05-13 20:52:46] [INFO    ] Duplicates removed: 1,999 | Remaining: 0
[2026-05-13 20:52:46] [INFO    ] All jobs are duplicates — nothing new to insert.
[2026-05-13 20:52:46] [INFO    ] ============================================================
[2026-05-13 20:52:46] [INFO    ]   PIPELINE COMPLETE
[2026-05-13 20:52:46] [INFO    ]   Raw rows loaded                    : 6195
[2026-05-13 20:52:46] [INFO    ]   Rejected rows (validation)         : 4196
[2026-05-13 20:52:46] [INFO    ]   Duplicates removed                 : 1999
[2026-05-13 20:52:46] [INFO    ]   Net new jobs                       : 0
[2026-05-13 20:52:46] [INFO    ]   Execution time (s)                 : 0.88
[2026-05-13 20:52:46] [INFO    ]   Execution time                    : 0.88s
[2026-05-13 20:52:46] [INFO    ] ============================================================
